<?xml version="1.0" encoding="UTF-8"?>
<!-- Generated by org.testng.reporters.JUnitXMLReporter -->
<testsuite ignored="0" hostname="Almass-Mac-mini.local" failures="0" tests="2" name="Easy Plan Test" time="5.682" errors="0" timestamp="2024-10-18T00:11:19 BDT">
  <testcase classname="org.reddotdigital.singleapp.android.tests.Test_EasyPlan" name="EasyPlanTest" time="0.0">
    <skipped/>
  </testcase> <!-- EasyPlanTest -->
  <testcase classname="org.reddotdigital.singleapp.android.tests.Test_EasyPlan" name="EasyPlanTestLowBalance" time="0.0">
    <skipped/>
  </testcase> <!-- EasyPlanTestLowBalance -->
</testsuite> <!-- Easy Plan Test -->
