<?xml version="1.0" encoding="UTF-8"?>
<!-- Generated by org.testng.reporters.JUnitXMLReporter -->
<testsuite ignored="0" hostname="Almass-Mac-mini.local" failures="0" tests="1" name="Login Test" time="5.344" errors="0" timestamp="2024-10-17T23:43:55 BDT">
  <testcase classname="org.reddotdigital.singleapp.testUtils.AndroidBaseTest" name="@BeforeMethod ConfigureAppium" time="5.253">
    <failure type="org.openqa.selenium.SessionNotCreatedException" message="Could not start a new session. Response code 500. Message: An unknown server-side error occurred while processing the command. Original error: Could not find a driver for automationName &amp;apos;UIAutomator2&amp;apos; and platformName &amp;apos;ANDROID&amp;apos;. Have you installed a driver that supports those capabilities? Run &amp;apos;appium driver list --installed&amp;apos; to see. (Lower-level error: Could not find installed driver to support given caps) 
Host info: host: &amp;apos;Almass-Mac-mini.local&amp;apos;, ip: &amp;apos;fe80:0:0:0:1409:b560:13c4:3332%en0&amp;apos;
Build info: version: &amp;apos;4.25.0&amp;apos;, revision: &amp;apos;8a8aea2337&amp;apos;
System info: os.name: &amp;apos;Mac OS X&amp;apos;, os.arch: &amp;apos;aarch64&amp;apos;, os.version: &amp;apos;15.0.1&amp;apos;, java.version: &amp;apos;17.0.10&amp;apos;
Driver info: io.appium.java_client.android.AndroidDriver
Command: [null, newSession {capabilities=[Capabilities {appium:app: /Volumes/TRANSCEND/Github/M..., appium:appActivity: net.omobio.robisc.ui.splash..., appium:appPackage: net.omobio.robisc, appium:autoGrantPermissions: true, appium:automationName: UIAutomator2, appium:deviceName: TestMobile, appium:isHeadless: true, platformName: ANDROID}]}]
Capabilities {appium:app: /Volumes/TRANSCEND/Github/M..., appium:appActivity: net.omobio.robisc.ui.splash..., appium:appPackage: net.omobio.robisc, appium:autoGrantPermissions: true, appium:automationName: UIAutomator2, appium:deviceName: TestMobile, appium:isHeadless: true, platformName: ANDROID}">
      <![CDATA[org.openqa.selenium.SessionNotCreatedException: Could not start a new session. Response code 500. Message: An unknown server-side error occurred while processing the command. Original error: Could not find a driver for automationName 'UIAutomator2' and platformName 'ANDROID'. Have you installed a driver that supports those capabilities? Run 'appium driver list --installed' to see. (Lower-level error: Could not find installed driver to support given caps) 
Host info: host: 'Almass-Mac-mini.local', ip: 'fe80:0:0:0:1409:b560:13c4:3332%en0'
Build info: version: '4.25.0', revision: '8a8aea2337'
System info: os.name: 'Mac OS X', os.arch: 'aarch64', os.version: '15.0.1', java.version: '17.0.10'
Driver info: io.appium.java_client.android.AndroidDriver
Command: [null, newSession {capabilities=[Capabilities {appium:app: /Volumes/TRANSCEND/Github/M..., appium:appActivity: net.omobio.robisc.ui.splash..., appium:appPackage: net.omobio.robisc, appium:autoGrantPermissions: true, appium:automationName: UIAutomator2, appium:deviceName: TestMobile, appium:isHeadless: true, platformName: ANDROID}]}]
Capabilities {appium:app: /Volumes/TRANSCEND/Github/M..., appium:appActivity: net.omobio.robisc.ui.splash..., appium:appPackage: net.omobio.robisc, appium:autoGrantPermissions: true, appium:automationName: UIAutomator2, appium:deviceName: TestMobile, appium:isHeadless: true, platformName: ANDROID}
at org.openqa.selenium.remote.ProtocolHandshake.createSession(ProtocolHandshake.java:114)
at org.openqa.selenium.remote.ProtocolHandshake.createSession(ProtocolHandshake.java:75)
at org.openqa.selenium.remote.ProtocolHandshake.createSession(ProtocolHandshake.java:61)
at io.appium.java_client.remote.AppiumCommandExecutor.createSession(AppiumCommandExecutor.java:176)
at io.appium.java_client.remote.AppiumCommandExecutor.execute(AppiumCommandExecutor.java:237)
at org.openqa.selenium.remote.RemoteWebDriver.execute(RemoteWebDriver.java:545)
at io.appium.java_client.AppiumDriver.startSession(AppiumDriver.java:270)
at org.openqa.selenium.remote.RemoteWebDriver.<init>(RemoteWebDriver.java:174)
at io.appium.java_client.AppiumDriver.<init>(AppiumDriver.java:91)
at io.appium.java_client.AppiumDriver.<init>(AppiumDriver.java:103)
at io.appium.java_client.android.AndroidDriver.<init>(AndroidDriver.java:109)
at org.reddotdigital.singleapp.testUtils.AndroidBaseTest.ConfigureAppium(AndroidBaseTest.java:48)
at java.base/java.util.ArrayList.forEach(ArrayList.java:1511)
... Removed 31 stack frames]]>
    </failure>
  </testcase> <!-- @BeforeMethod ConfigureAppium -->
  <testcase classname="org.reddotdigital.singleapp.testUtils.AndroidBaseTest" name="@AfterMethod tearDown" time="0.0">
    <skipped/>
  </testcase> <!-- @AfterMethod tearDown -->
  <testcase classname="org.reddotdigital.singleapp.android.tests.Test_LoginPage" name="LoginTest" time="0.0">
    <skipped/>
  </testcase> <!-- LoginTest -->
</testsuite> <!-- Login Test -->
