<?xml version="1.0" encoding="UTF-8"?>
<!-- Generated by org.testng.reporters.JUnitXMLReporter -->
<testsuite ignored="0" hostname="Almass-Mac-mini.local" failures="1" tests="1" name="Logout Test" time="43.284" errors="0" timestamp="2024-09-16T16:14:41 BDT">
  <testcase classname="org.reddotdigital.singleapp.tests.Test_LogoutPage" name="logoutTest" time="32.853">
    <failure type="org.openqa.selenium.NoSuchElementException" message="An element could not be located on the page using the given search parameters.
For documentation on this error, please visit: https://www.selenium.dev/documentation/webdriver/troubleshooting/errors#no-such-element-exception
Build info: version: &amp;apos;4.24.0&amp;apos;, revision: &amp;apos;748ffc9bc3&amp;apos;
System info: os.name: &amp;apos;Mac OS X&amp;apos;, os.arch: &amp;apos;aarch64&amp;apos;, os.version: &amp;apos;14.6.1&amp;apos;, java.version: &amp;apos;17.0.10&amp;apos;
Driver info: io.appium.java_client.android.AndroidDriver
Command: [ac358bd0-e168-4ecf-9958-80050f6c646b, findElement {using=-android uiautomator, value=new UiScrollable(new UiSelector().scrollable(true).instance(0)).scrollIntoView(new UiSelector().text(&amp;quot;Sign Out&amp;quot;).instance(0));}]
Capabilities {appium:app: /Users/almashossain/Downloa..., appium:appPackage: net.omobio.robisc, appium:autoGrantPermissions: true, appium:automationName: UIAutomator2, appium:databaseEnabled: false, appium:desired: {app: /Users/almashossain/Downloa..., autoGrantPermissions: true, automationName: UIAutomator2, deviceName: TestMobile, platformName: ANDROID}, appium:deviceApiLevel: 35, appium:deviceManufacturer: Google, appium:deviceModel: sdk_gphone64_arm64, appium:deviceName: emulator-5554, appium:deviceScreenDensity: 480, appium:deviceScreenSize: 1344x2992, appium:deviceUDID: emulator-5554, appium:javascriptEnabled: true, appium:locationContextEnabled: false, appium:networkConnectionEnabled: true, appium:pixelRatio: 3, appium:platformVersion: 15, appium:statBarHeight: 151, appium:takesScreenshot: true, appium:viewportRect: {height: 2841, left: 0, top: 151, width: 1344}, appium:warnings: {}, appium:webStorageEnabled: false, platformName: ANDROID}
Session ID: ac358bd0-e168-4ecf-9958-80050f6c646b">
      <![CDATA[org.openqa.selenium.NoSuchElementException: An element could not be located on the page using the given search parameters.
For documentation on this error, please visit: https://www.selenium.dev/documentation/webdriver/troubleshooting/errors#no-such-element-exception
Build info: version: '4.24.0', revision: '748ffc9bc3'
System info: os.name: 'Mac OS X', os.arch: 'aarch64', os.version: '14.6.1', java.version: '17.0.10'
Driver info: io.appium.java_client.android.AndroidDriver
Command: [ac358bd0-e168-4ecf-9958-80050f6c646b, findElement {using=-android uiautomator, value=new UiScrollable(new UiSelector().scrollable(true).instance(0)).scrollIntoView(new UiSelector().text("Sign Out").instance(0));}]
Capabilities {appium:app: /Users/almashossain/Downloa..., appium:appPackage: net.omobio.robisc, appium:autoGrantPermissions: true, appium:automationName: UIAutomator2, appium:databaseEnabled: false, appium:desired: {app: /Users/almashossain/Downloa..., autoGrantPermissions: true, automationName: UIAutomator2, deviceName: TestMobile, platformName: ANDROID}, appium:deviceApiLevel: 35, appium:deviceManufacturer: Google, appium:deviceModel: sdk_gphone64_arm64, appium:deviceName: emulator-5554, appium:deviceScreenDensity: 480, appium:deviceScreenSize: 1344x2992, appium:deviceUDID: emulator-5554, appium:javascriptEnabled: true, appium:locationContextEnabled: false, appium:networkConnectionEnabled: true, appium:pixelRatio: 3, appium:platformVersion: 15, appium:statBarHeight: 151, appium:takesScreenshot: true, appium:viewportRect: {height: 2841, left: 0, top: 151, width: 1344}, appium:warnings: {}, appium:webStorageEnabled: false, platformName: ANDROID}
Session ID: ac358bd0-e168-4ecf-9958-80050f6c646b
at org.openqa.selenium.remote.codec.w3c.W3CHttpResponseCodec.createException(W3CHttpResponseCodec.java:200)
at org.openqa.selenium.remote.codec.w3c.W3CHttpResponseCodec.decode(W3CHttpResponseCodec.java:133)
at org.openqa.selenium.remote.codec.w3c.W3CHttpResponseCodec.decode(W3CHttpResponseCodec.java:52)
at org.openqa.selenium.remote.HttpCommandExecutor.execute(HttpCommandExecutor.java:191)
at io.appium.java_client.remote.AppiumCommandExecutor.execute(AppiumCommandExecutor.java:250)
at org.openqa.selenium.remote.RemoteWebDriver.execute(RemoteWebDriver.java:602)
at org.openqa.selenium.remote.ElementLocation$ElementFinder$2.findElement(ElementLocation.java:165)
at org.openqa.selenium.remote.ElementLocation.findElement(ElementLocation.java:66)
at org.openqa.selenium.remote.RemoteWebDriver.findElement(RemoteWebDriver.java:359)
at org.openqa.selenium.remote.RemoteWebDriver.findElement(RemoteWebDriver.java:353)
at org.reddotdigital.singleapp.utils.AndroidActions.scrollToText(AndroidActions.java:48)
at org.reddotdigital.singleapp.pageObjects.android.LogoutPage.clickSignOut(LogoutPage.java:42)
at org.reddotdigital.singleapp.tests.Test_LogoutPage.logoutTest(Test_LogoutPage.java:20)
at java.base/java.util.ArrayList.forEach(ArrayList.java:1511)
... Removed 32 stack frames]]>
    </failure>
  </testcase> <!-- logoutTest -->
</testsuite> <!-- Logout Test -->
