<?xml version="1.0" encoding="UTF-8"?>
<testng-results ignored="0" total="1" passed="1" failed="0" skipped="0">
  <reporter-output>
  </reporter-output>
  <suite started-at="2024-09-23T22:27:16 BDT" name="Default suite" finished-at="2024-09-23T22:27:35 BDT" duration-ms="19194">
    <groups>
      <group name="Regression">
        <method signature="Test_IOSLoginPage.LoginTest(java.util.HashMap)[pri:0, instance:org.reddotdigital.singleapp.ios.tests.Test_IOSLoginPage@3eb7fc54]" name="LoginTest" class="org.reddotdigital.singleapp.ios.tests.Test_IOSLoginPage"/>
      </group> <!-- Regression -->
    </groups>
    <test started-at="2024-09-23T22:27:16 BDT" name="Default test" finished-at="2024-09-23T22:27:35 BDT" duration-ms="19194">
      <class name="org.reddotdigital.singleapp.ios.tests.Test_IOSLoginPage">
        <test-method is-config="true" signature="ConfigureAppium()[pri:0, instance:org.reddotdigital.singleapp.ios.tests.Test_IOSLoginPage@3eb7fc54]" started-at="2024-09-23T22:27:16 BDT" name="ConfigureAppium" finished-at="2024-09-23T22:27:24 BDT" duration-ms="7613" status="PASS">
          <reporter-output>
          </reporter-output>
        </test-method> <!-- ConfigureAppium -->
        <test-method signature="LoginTest(java.util.HashMap)[pri:0, instance:org.reddotdigital.singleapp.ios.tests.Test_IOSLoginPage@3eb7fc54]" started-at="2024-09-23T22:27:24 BDT" name="LoginTest" data-provider="getData" finished-at="2024-09-23T22:27:34 BDT" duration-ms="10431" status="PASS">
          <params>
            <param index="0">
              <value>
                <![CDATA[{assertMobileNum=8801849010634, assertProfileName=QATest, mobileNumber=01849010634, BangLang=Bangla, otp=401500, offerPopup=Cancel, EngLang=English, updatePopup=Later}]]>
              </value>
            </param>
          </params>
          <reporter-output>
          </reporter-output>
        </test-method> <!-- LoginTest -->
        <test-method is-config="true" signature="tearDown()[pri:0, instance:org.reddotdigital.singleapp.ios.tests.Test_IOSLoginPage@3eb7fc54]" started-at="2024-09-23T22:27:34 BDT" name="tearDown" finished-at="2024-09-23T22:27:35 BDT" duration-ms="1059" status="PASS">
          <reporter-output>
          </reporter-output>
        </test-method> <!-- tearDown -->
      </class> <!-- org.reddotdigital.singleapp.ios.tests.Test_IOSLoginPage -->
    </test> <!-- Default test -->
  </suite> <!-- Default suite -->
</testng-results>
